<?xml version="1.0" encoding="UTF-8"?>
<!-- Generated by org.testng.reporters.JUnitReportReporter -->
<testsuite skipped="0" hostname="DNVCOML-6BZ8G3Q" name="ShoppingCartTest" tests="1" failures="0" timestamp="17 Aug 2018 05:13:01 GMT" time="5.165" errors="0">
  <testcase name="shoppingCartSingleTest" time="5.165" classname="ShoppingCartTest"/>
</testsuite> <!-- ShoppingCartTest -->
